This is pdfTeX, Version 3.1415926-2.3-1.40.12 (TeX Live 2011) (format=pdflatex 2011.7.3)  23 FEB 2012 20:43
entering extended mode
 restricted \write18 enabled.
 %&-line parsing enabled.
**lab.tex
(./lab.tex
LaTeX2e <2009/09/24>
Babel <v3.8l> and hyphenation patterns for english, dumylang, nohyphenation, ge
rman-x-2009-06-19, ngerman-x-2009-06-19, afrikaans, ancientgreek, ibycus, arabi
c, armenian, basque, bulgarian, catalan, pinyin, coptic, croatian, czech, danis
h, dutch, ukenglish, usenglishmax, esperanto, estonian, ethiopic, farsi, finnis
h, french, galician, german, ngerman, swissgerman, monogreek, greek, hungarian,
 icelandic, assamese, bengali, gujarati, hindi, kannada, malayalam, marathi, or
iya, panjabi, tamil, telugu, indonesian, interlingua, irish, italian, kurmanji,
 lao, latin, latvian, lithuanian, mongolian, mongolianlmc, bokmal, nynorsk, pol
ish, portuguese, romanian, russian, sanskrit, serbian, serbianc, slovak, sloven
ian, spanish, swedish, turkish, turkmen, ukrainian, uppersorbian, welsh, loaded
.
(./preamble.tex (/usr/local/texlive/2011/texmf-dist/tex/latex/base/article.cls
Document Class: article 2007/10/19 v1.4h Standard LaTeX document class
(/usr/local/texlive/2011/texmf-dist/tex/latex/base/size12.clo
File: size12.clo 2007/10/19 v1.4h Standard LaTeX file (size option)
)
\c@part=\count79
\c@section=\count80
\c@subsection=\count81
\c@subsubsection=\count82
\c@paragraph=\count83
\c@subparagraph=\count84
\c@figure=\count85
\c@table=\count86
\abovecaptionskip=\skip41
\belowcaptionskip=\skip42
\bibindent=\dimen102
)
(/usr/local/texlive/2011/texmf-dist/tex/latex/psnfss/times.sty
Package: times 2005/04/12 PSNFSS-v9.2a (SPQR) 
)
(/usr/local/texlive/2011/texmf-dist/tex/latex/preprint/fullpage.sty
Package: fullpage 1999/02/23 1.1 (PWD)
\FP@margin=\skip43
)
(/usr/local/texlive/2011/texmf-dist/tex/latex/graphics/graphicx.sty
Package: graphicx 1999/02/16 v1.0f Enhanced LaTeX Graphics (DPC,SPQR)

(/usr/local/texlive/2011/texmf-dist/tex/latex/graphics/keyval.sty
Package: keyval 1999/03/16 v1.13 key=value parser (DPC)
\KV@toks@=\toks14
)
(/usr/local/texlive/2011/texmf-dist/tex/latex/graphics/graphics.sty
Package: graphics 2009/02/05 v1.0o Standard LaTeX Graphics (DPC,SPQR)

(/usr/local/texlive/2011/texmf-dist/tex/latex/graphics/trig.sty
Package: trig 1999/03/16 v1.09 sin cos tan (DPC)
)
(/usr/local/texlive/2011/texmf-dist/tex/latex/latexconfig/graphics.cfg
File: graphics.cfg 2010/04/23 v1.9 graphics configuration of TeX Live
)
Package graphics Info: Driver file: pdftex.def on input line 91.

(/usr/local/texlive/2011/texmf-dist/tex/latex/pdftex-def/pdftex.def
File: pdftex.def 2011/05/27 v0.06d Graphics/color for pdfTeX

(/usr/local/texlive/2011/texmf-dist/tex/generic/oberdiek/infwarerr.sty
Package: infwarerr 2010/04/08 v1.3 Providing info/warning/message (HO)
)
(/usr/local/texlive/2011/texmf-dist/tex/generic/oberdiek/ltxcmds.sty
Package: ltxcmds 2011/04/18 v1.20 LaTeX kernel commands for general use (HO)
)
\Gread@gobject=\count87
))
\Gin@req@height=\dimen103
\Gin@req@width=\dimen104
))
(./lab.aux)
\openout1 = `lab.aux'.

LaTeX Font Info:    Checking defaults for OML/cmm/m/it on input line 7.
LaTeX Font Info:    ... okay on input line 7.
LaTeX Font Info:    Checking defaults for T1/cmr/m/n on input line 7.
LaTeX Font Info:    ... okay on input line 7.
LaTeX Font Info:    Checking defaults for OT1/cmr/m/n on input line 7.
LaTeX Font Info:    ... okay on input line 7.
LaTeX Font Info:    Checking defaults for OMS/cmsy/m/n on input line 7.
LaTeX Font Info:    ... okay on input line 7.
LaTeX Font Info:    Checking defaults for OMX/cmex/m/n on input line 7.
LaTeX Font Info:    ... okay on input line 7.
LaTeX Font Info:    Checking defaults for U/cmr/m/n on input line 7.
LaTeX Font Info:    ... okay on input line 7.
LaTeX Font Info:    Try loading font information for OT1+ptm on input line 7.
 (/usr/local/texlive/2011/texmf-dist/tex/latex/psnfss/ot1ptm.fd
File: ot1ptm.fd 2001/06/04 font definitions for OT1/ptm.
)
(/usr/local/texlive/2011/texmf-dist/tex/context/base/supp-pdf.mkii
[Loading MPS to PDF converter (version 2006.09.02).]
\scratchcounter=\count88
\scratchdimen=\dimen105
\scratchbox=\box26
\nofMPsegments=\count89
\nofMParguments=\count90
\everyMPshowfont=\toks15
\MPscratchCnt=\count91
\MPscratchDim=\dimen106
\MPnumerator=\count92
\makeMPintoPDFobject=\count93
\everyMPtoPDFconversion=\toks16
) (/usr/local/texlive/2011/texmf-dist/tex/generic/oberdiek/pdftexcmds.sty
Package: pdftexcmds 2011/04/22 v0.16 Utilities of pdfTeX for LuaTeX (HO)

(/usr/local/texlive/2011/texmf-dist/tex/generic/oberdiek/ifluatex.sty
Package: ifluatex 2010/03/01 v1.3 Provides the ifluatex switch (HO)
Package ifluatex Info: LuaTeX not detected.
)
(/usr/local/texlive/2011/texmf-dist/tex/generic/oberdiek/ifpdf.sty
Package: ifpdf 2011/01/30 v2.3 Provides the ifpdf switch (HO)
Package ifpdf Info: pdfTeX in PDF mode is detected.
)
Package pdftexcmds Info: LuaTeX not detected.
Package pdftexcmds Info: \pdf@primitive is available.
Package pdftexcmds Info: \pdf@ifprimitive is available.
Package pdftexcmds Info: \pdfdraftmode found.
)
(/usr/local/texlive/2011/texmf-dist/tex/latex/oberdiek/epstopdf-base.sty
Package: epstopdf-base 2010/02/09 v2.5 Base part for package epstopdf

(/usr/local/texlive/2011/texmf-dist/tex/latex/oberdiek/grfext.sty
Package: grfext 2010/08/19 v1.1 Managing graphics extensions (HO)

(/usr/local/texlive/2011/texmf-dist/tex/generic/oberdiek/kvdefinekeys.sty
Package: kvdefinekeys 2011/04/07 v1.3 Defining keys (HO)
))
(/usr/local/texlive/2011/texmf-dist/tex/latex/oberdiek/kvoptions.sty
Package: kvoptions 2010/12/23 v3.10 Keyval support for LaTeX options (HO)

(/usr/local/texlive/2011/texmf-dist/tex/generic/oberdiek/kvsetkeys.sty
Package: kvsetkeys 2011/04/07 v1.13 Key value parser (HO)

(/usr/local/texlive/2011/texmf-dist/tex/generic/oberdiek/etexcmds.sty
Package: etexcmds 2011/02/16 v1.5 Prefix for e-TeX command names (HO)
Package etexcmds Info: Could not find \expanded.
(etexcmds)             That can mean that you are not using pdfTeX 1.50 or
(etexcmds)             that some package has redefined \expanded.
(etexcmds)             In the latter case, load this package earlier.
)))
Package grfext Info: Graphics extension search list:
(grfext)             [.png,.pdf,.jpg,.mps,.jpeg,.jbig2,.jb2,.PNG,.PDF,.JPG,.JPE
G,.JBIG2,.JB2,.eps]
(grfext)             \AppendGraphicsExtensions on input line 452.

(/usr/local/texlive/2011/texmf-dist/tex/latex/latexconfig/epstopdf-sys.cfg
File: epstopdf-sys.cfg 2010/07/13 v1.3 Configuration of (r)epstopdf for TeX Liv
e
))
LaTeX Font Info:    External font `cmex10' loaded for size
(Font)              <14.4> on input line 9.
LaTeX Font Info:    External font `cmex10' loaded for size
(Font)              <7> on input line 9.

(./introduction.tex
LaTeX Font Info:    Font shape `OT1/ptm/bx/n' in size <17.28> not available
(Font)              Font shape `OT1/ptm/b/n' tried instead on input line 3.
) (./objective.tex
<screenshot.png, id=1, 220.825pt x 367.3725pt>
File: screenshot.png Graphic file (type png)
 <use screenshot.png>
Package pdftex.def Info: screenshot.png used on input line 15.
(pdftex.def)             Requested size: 88.32843pt x 146.94638pt.
)
(./activity.tex [1

{/usr/local/texlive/2011/texmf-var/fonts/map/pdftex/updmap/pdftex.map} <./scree
nshot.png>]
LaTeX Font Info:    Font shape `OT1/ptm/bx/n' in size <14.4> not available
(Font)              Font shape `OT1/ptm/b/n' tried instead on input line 4.
 <imports.png, id=10, 252.945pt x 40.15pt>
File: imports.png Graphic file (type png)

<use imports.png>
Package pdftex.def Info: imports.png used on input line 15.
(pdftex.def)             Requested size: 252.94438pt x 40.14989pt.

Underfull \hbox (badness 10000) in paragraph at lines 21--22

 []

<instances.png, id=11, 239.89626pt x 35.13126pt>
File: instances.png Graphic file (type png)
 <use instances.png>
Package pdftex.def Info: instances.png used on input line 25.
(pdftex.def)             Requested size: 239.89566pt x 35.13115pt.

Underfull \hbox (badness 10000) in paragraph at lines 29--31

 []

<instantiate.png, id=12, 349.305pt x 35.13126pt>
File: instantiate.png Graphic file (type png)
 <use instantiate.png>
Package pdftex.def Info: instantiate.png used on input line 34.
(pdftex.def)             Requested size: 349.30414pt x 35.13115pt.

Underfull \hbox (badness 10000) in paragraph at lines 42--43

 []

<ifelseSound.png, id=13, 209.78375pt x 177.66376pt>
File: ifelseSound.png Graphic file (type png)
 <use ifelseSound.png>
Package pdftex.def Info: ifelseSound.png used on input line 46.
(pdftex.def)             Requested size: 209.78322pt x 177.66331pt.

[2 <./imports.png> <./instances.png> <./instantiate.png>]
Underfull \hbox (badness 10000) in paragraph at lines 54--55

 []

<mediaRecorder.png, id=17, 432.61626pt x 71.26625pt>
File: mediaRecorder.png Graphic file (type png)
 <use mediaRecorder.png>
Package pdftex.def Info: mediaRecorder.png used on input line 58.
(pdftex.def)             Requested size: 432.6152pt x 71.26605pt.

Underfull \hbox (badness 10000) in paragraph at lines 66--67

 []

<startRecord.png, id=18, 120.45pt x 50.1875pt>
File: startRecord.png Graphic file (type png)
 <use startRecord.png>
Package pdftex.def Info: startRecord.png used on input line 70.
(pdftex.def)             Requested size: 120.44969pt x 50.18736pt.
 [3 <./ifelseSound.png> <./mediaRecorder.png>]
Underfull \hbox (badness 10000) in paragraph at lines 78--79

 []


Underfull \hbox (badness 10000) in paragraph at lines 80--82

 []

<amp.png, id=22, 323.2075pt x 194.7275pt>
File: amp.png Graphic file (type png)
 <use amp.png>
Package pdftex.def Info: amp.png used on input line 85.
(pdftex.def)             Requested size: 323.20671pt x 194.727pt.
) (./conclusion.tex)
(./deliverables.tex [4 <./startRecord.png> <./amp.png>]) [5] (./lab.aux) ) 
Here is how much of TeX's memory you used:
 1570 strings out of 493633
 22851 string characters out of 3143378
 75051 words of memory out of 3000000
 4844 multiletter control sequences out of 15000+200000
 15049 words of font info for 31 fonts, out of 3000000 for 9000
 831 hyphenation exceptions out of 8191
 37i,6n,23p,494b,189s stack positions out of 5000i,500n,10000p,200000b,50000s
{/usr
/local/texlive/2011/texmf-dist/fonts/enc/dvips/base/8r.enc}</usr/local/texlive/
2011/texmf-dist/fonts/type1/urw/times/utmb8a.pfb></usr/local/texlive/2011/texmf
-dist/fonts/type1/urw/times/utmr8a.pfb></usr/local/texlive/2011/texmf-dist/font
s/type1/urw/times/utmri8a.pfb>
Output written on lab.pdf (5 pages, 108617 bytes).
PDF statistics:
 41 PDF objects out of 1000 (max. 8388607)
 22 compressed objects within 1 object stream
 0 named destinations out of 1000 (max. 500000)
 41 words of extra memory for PDF output out of 10000 (max. 10000000)

